---------- Date: 2016-06-20 11:40:52 ~ IP : 178.251.104.159 ----------
REQUEST URI : /manikyurnie-nabori
MOD DETAILS:
   modFile   : /home/royallif/manikur-life.com.ua/www/vqmod/xml/ML_seo_keywords.xml
   id        : Multi Language SEO Keywords
   version   : 1.0.0
   vqmver    : 2.1.5
   author    : ovife21
VQModObject::parseMods - Could not resolve path for [admin/view/template/setting/setting.tpl] (SKIPPED)
VQModObject::parseMods - Could not resolve path for [admin/controller/setting/setting.php] (SKIPPED)
VQModObject::parseMods - Could not resolve path for [admin/view/template/setting/store_form.tpl] (SKIPPED)
VQModObject::parseMods - Could not resolve path for [admin/controller/setting/store.php] (SKIPPED)
VQModObject::parseMods - Could not resolve path for [admin/view/template/catalog/product_form.tpl] (SKIPPED)
VQModObject::parseMods - Could not resolve path for [admin/controller/catalog/product.php] (SKIPPED)
VQModObject::parseMods - Could not resolve path for [admin/model/catalog/product.php] (SKIPPED)
VQModObject::parseMods - Could not resolve path for [admin/controller/catalog/category.php] (SKIPPED)
VQModObject::parseMods - Could not resolve path for [admin/model/catalog/category.php] (SKIPPED)
VQModObject::parseMods - Could not resolve path for [admin/view/template/catalog/category_form.tpl] (SKIPPED)
VQModObject::parseMods - Could not resolve path for [admin/view/template/catalog/manufacturer_form.tpl] (SKIPPED)
VQModObject::parseMods - Could not resolve path for [admin/controller/catalog/manufacturer.php] (SKIPPED)
VQModObject::parseMods - Could not resolve path for [admin/model/catalog/manufacturer.php] (SKIPPED)
VQModObject::parseMods - Could not resolve path for [admin/view/template/catalog/information_form.tpl] (SKIPPED)
VQModObject::parseMods - Could not resolve path for [admin/controller/catalog/information.php] (SKIPPED)
VQModObject::parseMods - Could not resolve path for [admin/model/catalog/information.php] (SKIPPED)
VQModObject::parseMods - Could not resolve path for [admin/model/catalog/seoreport.php] (SKIPPED)
VQModObject::parseMods - Could not resolve path for [admin/model/catalog/seoeditor.php] (SKIPPED)
VQModObject::parseMods - Could not resolve path for [admin/controller/catalog/seoedit.php] (SKIPPED)
VQModObject::parseMods - Could not resolve path for [admin/controller/feed/google_sitemap.php] (SKIPPED)
VQModObject::parseMods - Could not resolve path for [admin/view/template/feed/google_sitemap.tpl] (SKIPPED)

File Name    : catalog/controller/common/language.php(0)
VQModObject::applyMod - SEARCH NOT FOUND (ABORTING MOD): $this->response->redirect($this->request->post['redirect']);

MOD DETAILS:
   modFile   : /home/royallif/manikur-life.com.ua/www/vqmod/xml/SEOEDITOR.xml
   id        : SEO Editor
   version   : 1.0.0
   vqmver    : 2.1.5
   author    : ovife21
VQModObject::parseMods - Could not resolve path for [admin/view/template/common/header.tpl] (SKIPPED)
MOD DETAILS:
   modFile   : /home/royallif/manikur-life.com.ua/www/vqmod/xml/a_vqmod_d_quickcheckout.xml
   id        : AJAX QUICK CHECKOUT V5.0 BY DREAMVENTION
   version   : 2.0.0.0
   vqmver    : 2.2.1
   author    : dreamvention.com
VQModObject::parseMods - Could not resolve path for [catalog/view/theme/default/template/payment/pp_pro_uk.tpl] (SKIPPED)

MOD DETAILS:
   modFile   : /home/royallif/manikur-life.com.ua/www/vqmod/xml/a_vqmod_shopunity.xml
   id        : DREAM SHOPUNITY
   version   : 1.0
   vqmver    : 2.1.1
   author    : Dreamvention.com
VQModObject::parseMods - Could not resolve path for [admin/controller/extension/module.php] (SKIPPED)

MOD DETAILS:
   modFile   : /home/royallif/manikur-life.com.ua/www/vqmod/xml/brands_meta.xml
   id        : Brands - Extra
   version   : 1.0.0
   vqmver    : 2.1.5
   author    : ovife21
VQModObject::parseMods - Could not resolve path for [admin/controller/catalog/manufacturer.php] (SKIPPED)
VQModObject::parseMods - Could not resolve path for [admin/model/catalog/manufacturer.php] (SKIPPED)
VQModObject::parseMods - Could not resolve path for [admin/view/template/catalog/manufacturer_form.tpl] (SKIPPED)
MOD DETAILS:
   modFile   : /home/royallif/manikur-life.com.ua/www/vqmod/xml/custom_alts.xml
   id        : Custom alts
   version   : 1.0.0
   vqmver    : 2.1.5
   author    : ovife21
VQModObject::parseMods - Could not resolve path for [admin/view/template/catalog/product_form.tpl] (SKIPPED)
VQModObject::parseMods - Could not resolve path for [admin/model/catalog/product.php] (SKIPPED)
VQModObject::parseMods - Could not resolve path for [admin/controller/catalog/product.php] (SKIPPED)
VQModObject::parseMods - Could not resolve path for [admin/view/template/catalog/seopack.tpl] (SKIPPED)
VQModObject::parseMods - Could not resolve path for [admin/controller/catalog/seopack.php] (SKIPPED)
VQModObject::parseMods - Could not resolve path for [admin/controller/common/header.php] (SKIPPED)
MOD DETAILS:
   modFile   : /home/royallif/manikur-life.com.ua/www/vqmod/xml/custom_h1.xml
   id        : Custom h1s
   version   : 1.0.0
   vqmver    : 2.1.5
   author    : ovife21
VQModObject::parseMods - Could not resolve path for [admin/view/template/catalog/product_form.tpl] (SKIPPED)
VQModObject::parseMods - Could not resolve path for [admin/model/catalog/product.php] (SKIPPED)
VQModObject::parseMods - Could not resolve path for [admin/controller/catalog/product.php] (SKIPPED)
VQModObject::parseMods - Could not resolve path for [admin/view/template/catalog/seopack.tpl] (SKIPPED)
VQModObject::parseMods - Could not resolve path for [admin/controller/catalog/seopack.php] (SKIPPED)
VQModObject::parseMods - Could not resolve path for [admin/controller/common/header.php] (SKIPPED)

MOD DETAILS:
   modFile   : /home/royallif/manikur-life.com.ua/www/vqmod/xml/custom_h2.xml
   id        : Custom h2s
   version   : 1.0.0
   vqmver    : 2.1.5
   author    : ovife21
VQModObject::parseMods - Could not resolve path for [admin/view/template/catalog/product_form.tpl] (SKIPPED)
VQModObject::parseMods - Could not resolve path for [admin/model/catalog/product.php] (SKIPPED)
VQModObject::parseMods - Could not resolve path for [admin/controller/catalog/product.php] (SKIPPED)
VQModObject::parseMods - Could not resolve path for [admin/view/template/catalog/seopack.tpl] (SKIPPED)
VQModObject::parseMods - Could not resolve path for [admin/controller/catalog/seopack.php] (SKIPPED)
VQModObject::parseMods - Could not resolve path for [admin/controller/common/header.php] (SKIPPED)
MOD DETAILS:
   modFile   : /home/royallif/manikur-life.com.ua/www/vqmod/xml/custom_imgtitles.xml
   id        : Custom Image Title Tags
   version   : 1.0.0
   vqmver    : 2.1.5
   author    : ovife21
VQModObject::parseMods - Could not resolve path for [admin/view/template/catalog/product_form.tpl] (SKIPPED)
VQModObject::parseMods - Could not resolve path for [admin/model/catalog/product.php] (SKIPPED)
VQModObject::parseMods - Could not resolve path for [admin/controller/catalog/product.php] (SKIPPED)
VQModObject::parseMods - Could not resolve path for [admin/view/template/catalog/seopack.tpl] (SKIPPED)
VQModObject::parseMods - Could not resolve path for [admin/controller/catalog/seopack.php] (SKIPPED)
VQModObject::parseMods - Could not resolve path for [admin/controller/common/header.php] (SKIPPED)
MOD DETAILS:
   modFile   : /home/royallif/manikur-life.com.ua/www/vqmod/xml/custom_title.xml
   id        : Custom titles
   version   : 1.0.0
   vqmver    : 2.1.5
   author    : ovife21
VQModObject::parseMods - Could not resolve path for [admin/view/template/catalog/seopack.tpl] (SKIPPED)
VQModObject::parseMods - Could not resolve path for [admin/controller/catalog/seopack.php] (SKIPPED)
VQModObject::parseMods - Could not resolve path for [admin/controller/catalog/seoedit.php] (SKIPPED)
VQModObject::parseMods - Could not resolve path for [admin/view/template/catalog/seoeditor.tpl] (SKIPPED)
VQModObject::parseMods - Could not resolve path for [admin/model/catalog/seoeditor.php] (SKIPPED)
VQModObject::parseMods - Could not resolve path for [admin/controller/catalog/seoeditor.php] (SKIPPED)

MOD DETAILS:
   modFile   : /home/royallif/manikur-life.com.ua/www/vqmod/xml/instant_seo.xml
   id        : Instant SEO
   version   : 1.0.0
   vqmver    : 2.1.5
   author    : ovife21
VQModObject::parseMods - Could not resolve path for [admin/view/template/catalog/seopack.tpl] (SKIPPED)
VQModObject::parseMods - Could not resolve path for [admin/model/catalog/product.php] (SKIPPED)
VQModObject::parseMods - Could not resolve path for [admin/model/catalog/category.php] (SKIPPED)
VQModObject::parseMods - Could not resolve path for [admin/model/catalog/information.php] (SKIPPED)
VQModObject::parseMods - Could not resolve path for [admin/model/catalog/manufacturer.php] (SKIPPED)

MOD DETAILS:
   modFile   : /home/royallif/manikur-life.com.ua/www/vqmod/xml/seopack.xml
   id        : seopack
   version   : 1.0.0
   vqmver    : 2.1.5
   author    : ovife21
VQModObject::parseMods - Could not resolve path for [admin/view/template/common/menu.tpl] (SKIPPED)
VQModObject::parseMods - Could not resolve path for [admin/controller/common/menu.php] (SKIPPED)

----------------------------------------------------------------------


